Unity Editor version:    2022.3.44f1 (c3ae09b9f03c)
Branch:                  2022.3/staging
Build type:              Release
Batch mode:              YES
System name:             Linux
Distro version:          #38-Ubuntu SMP PREEMPT_DYNAMIC Fri Jun  7 15:25:01 UTC 2024
Kernel version:          6.8.0-38-generic
Architecture:            x86_64
Available memory:        3737 MB
Using pre-set license
Pro License: YES

(Unity:9298): Gtk-CRITICAL **: 17:15:05.020: gtk_window_set_default_icon: assertion 'GDK_IS_PIXBUF (icon)' failed

(Unity:9298): GLib-GObject-CRITICAL **: 17:15:05.020: g_object_unref: assertion 'G_IS_OBJECT (object)' failed
Desktop is 1366 x 768 @ 60 Hz
Initialize udev device monitor.

COMMAND LINE ARGUMENTS:
Unity
-adb2
-batchMode
-noUpm
-name
AssetImportWorker0
-projectPath
/home/oem/Eco-heroes
-logFile
Logs/AssetImportWorker0.log
-srvPort
43339
Successfully changed project path to: /home/oem/Eco-heroes
/home/oem/Eco-heroes
[UnityMemory] Configuration Parameters - Can be set up in boot.config
    "memorysetup-bucket-allocator-granularity=16"
    "memorysetup-bucket-allocator-bucket-count=8"
    "memorysetup-bucket-allocator-block-size=33554432"
    "memorysetup-bucket-allocator-block-count=8"
    "memorysetup-main-allocator-block-size=16777216"
    "memorysetup-thread-allocator-block-size=16777216"
    "memorysetup-gfx-main-allocator-block-size=16777216"
    "memorysetup-gfx-thread-allocator-block-size=16777216"
    "memorysetup-cache-allocator-block-size=4194304"
    "memorysetup-typetree-allocator-block-size=2097152"
    "memorysetup-profiler-bucket-allocator-granularity=16"
    "memorysetup-profiler-bucket-allocator-bucket-count=8"
    "memorysetup-profiler-bucket-allocator-block-size=33554432"
    "memorysetup-profiler-bucket-allocator-block-count=8"
    "memorysetup-profiler-allocator-block-size=16777216"
    "memorysetup-profiler-editor-allocator-block-size=1048576"
    "memorysetup-temp-allocator-size-main=16777216"
    "memorysetup-job-temp-allocator-block-size=2097152"
    "memorysetup-job-temp-allocator-block-size-background=1048576"
    "memorysetup-job-temp-allocator-reduction-small-platforms=262144"
    "memorysetup-allocator-temp-initial-block-size-main=262144"
    "memorysetup-allocator-temp-initial-block-size-worker=262144"
    "memorysetup-temp-allocator-size-background-worker=32768"
    "memorysetup-temp-allocator-size-job-worker=262144"
    "memorysetup-temp-allocator-size-preload-manager=33554432"
    "memorysetup-temp-allocator-size-nav-mesh-worker=65536"
    "memorysetup-temp-allocator-size-audio-worker=65536"
    "memorysetup-temp-allocator-size-cloud-worker=32768"
    "memorysetup-temp-allocator-size-gi-baking-worker=262144"
    "memorysetup-temp-allocator-size-gfx=262144"
Player connection [130040981562368]  Target information:

Player connection [130040981562368]  * "[IP] 192.168.100.5 [Port] 0 [Flags] 2 [Guid] 2242005826 [EditorId] 2242005826 [Version] 1048832 [Id] LinuxEditor(16,192.168.100.5) [Debug] 1 [PackageName] LinuxEditor [ProjectName] Editor" 

Player connection [130040981562368] Host joined multi-casting on [225.0.0.222:54997]...
Player connection [130040981562368] Host joined alternative multi-casting on [225.0.0.222:34997]...
[PhysX] Initialized MultithreadedTaskDispatcher with 2 workers.
Refreshing native plugins compatible for Editor in 14,14 ms, found 0 plugins.
Preloading 0 native plugins for Editor in 0,00 ms.
Initialize engine version: 2022.3.44f1 (c3ae09b9f03c)
[Subsystems] Discovering subsystems at path /home/oem/Unity/Hub/Editor/2022.3.44f1/Editor/Data/Resources/UnitySubsystems
[Subsystems] Discovering subsystems at path /home/oem/Eco-heroes/Assets
GLX Extensions: GLX_ARB_context_flush_control GLX_ARB_create_context GLX_ARB_create_context_no_error GLX_ARB_create_context_profile GLX_ARB_create_context_robustness GLX_ARB_fbconfig_float GLX_ARB_framebuffer_sRGB GLX_ARB_get_proc_address GLX_ARB_multisample GLX_EXT_buffer_age GLX_EXT_create_context_es2_profile GLX_EXT_create_context_es_profile GLX_EXT_fbconfig_packed_float GLX_EXT_framebuffer_sRGB GLX_EXT_no_config_context GLX_EXT_swap_control GLX_EXT_swap_control_tear GLX_EXT_texture_from_pixmap GLX_EXT_visual_info GLX_EXT_visual_rating GLX_INTEL_swap_event GLX_MESA_copy_sub_buffer GLX_MESA_gl_interop GLX_MESA_query_renderer GLX_MESA_swap_control GLX_OML_sync_control GLX_SGIS_multisample GLX_SGIX_fbconfig GLX_SGIX_pbuffer GLX_SGIX_visual_select_group GLX_SGI_make_current_read GLX_SGI_swap_control GLX_SGI_video_sync 
Renderer: Mesa Intel(R) UHD Graphics 600 (GLK 2)
Vendor:   Intel
Version:  4.6 (Core Profile) Mesa 24.0.9-0ubuntu0.1
GLES:     0
 GL_3DFX_texture_compression_FXT1 GL_AMD_conservative_depth GL_AMD_depth_clamp_separate GL_AMD_draw_buffers_blend GL_AMD_gpu_shader_int64 GL_AMD_multi_draw_indirect GL_AMD_performance_monitor GL_AMD_query_buffer_object GL_AMD_seamless_cubemap_per_texture GL_AMD_shader_stencil_export GL_AMD_shader_trinary_minmax GL_AMD_texture_texture4 GL_AMD_vertex_shader_layer GL_AMD_vertex_shader_viewport_index GL_ANGLE_texture_compression_dxt3 GL_ANGLE_texture_compression_dxt5 GL_ARB_ES2_compatibility GL_ARB_ES3_1_compatibility GL_ARB_ES3_2_compatibility GL_ARB_ES3_compatibility GL_ARB_arrays_of_arrays GL_ARB_base_instance GL_ARB_blend_func_extended GL_ARB_buffer_storage GL_ARB_clear_buffer_object GL_ARB_clear_texture GL_ARB_clip_control GL_ARB_compressed_texture_pixel_storage GL_ARB_compute_shader GL_ARB_compute_variable_group_size GL_ARB_conditional_render_inverted GL_ARB_conservative_depth GL_ARB_copy_buffer GL_ARB_copy_image GL_ARB_cull_distance GL_ARB_debug_output GL_ARB_depth_buffer_float GL_ARB_depth_clamp GL_ARB_d
erivative_control GL_ARB_direct_state_access GL_ARB_draw_buffers GL_ARB_draw_buffers_blend GL_ARB_draw_elements_base_vertex GL_ARB_draw_indirect GL_ARB_draw_instanced GL_ARB_enhanced_layouts GL_ARB_explicit_attrib_location GL_ARB_explicit_uniform_location GL_ARB_fragment_coord_conventions GL_ARB_fragment_layer_viewport GL_ARB_fragment_shader GL_ARB_fragment_shader_interlock GL_ARB_framebuffer_no_attachments GL_ARB_framebuffer_object GL_ARB_framebuffer_sRGB GL_ARB_get_program_binary GL_ARB_get_texture_sub_image GL_ARB_gl_spirv GL_ARB_gpu_shader5 GL_ARB_gpu_shader_fp64 GL_ARB_gpu_shader_int64 GL_ARB_half_float_pixel GL_ARB_half_float_vertex GL_ARB_indirect_parameters GL_ARB_instanced_arrays GL_ARB_internalformat_query GL_ARB_internalformat_query2 GL_ARB_invalidate_subdata GL_ARB_map_buffer_alignment GL_ARB_map_buffer_range GL_ARB_multi_bind GL_ARB_multi_draw_indirect GL_ARB_occlusion_query2 GL_ARB_parallel_shader_compile GL_ARB_pipeline_statistics_query GL_ARB_pixel_buffer_object GL_ARB_point_sprite GL_ARB_pol
ygon_offset_clamp GL_ARB_post_depth_coverage GL_ARB_program_interface_query GL_ARB_provoking_vertex GL_ARB_query_buffer_object GL_ARB_robust_buffer_access_behavior GL_ARB_robustness GL_ARB_sample_shading GL_ARB_sampler_objects GL_ARB_seamless_cube_map GL_ARB_seamless_cubemap_per_texture GL_ARB_separate_shader_objects GL_ARB_shader_atomic_counter_ops GL_ARB_shader_atomic_counters GL_ARB_shader_ballot GL_ARB_shader_bit_encoding GL_ARB_shader_clock GL_ARB_shader_draw_parameters GL_ARB_shader_group_vote GL_ARB_shader_image_load_store GL_ARB_shader_image_size GL_ARB_shader_objects GL_ARB_shader_precision GL_ARB_shader_stencil_export GL_ARB_shader_storage_buffer_object GL_ARB_shader_subroutine GL_ARB_shader_texture_image_samples GL_ARB_shader_texture_lod GL_ARB_shader_viewport_layer_array GL_ARB_shading_language_420pack GL_ARB_shading_language_include GL_ARB_shading_language_packing GL_ARB_spirv_extensions GL_ARB_stencil_texturing GL_ARB_sync GL_ARB_tessellation_shader GL_ARB_texture_barrier GL_ARB_texture_border_
clamp GL_ARB_texture_buffer_object GL_ARB_texture_buffer_object_rgb32 GL_ARB_texture_buffer_range GL_ARB_texture_compression_bptc GL_ARB_texture_compression_rgtc GL_ARB_texture_cube_map_array GL_ARB_texture_filter_anisotropic GL_ARB_texture_float GL_ARB_texture_gather GL_ARB_texture_mirror_clamp_to_edge GL_ARB_texture_multisample GL_ARB_texture_non_power_of_two GL_ARB_texture_query_levels GL_ARB_texture_query_lod GL_ARB_texture_rectangle GL_ARB_texture_rg GL_ARB_texture_rgb10_a2ui GL_ARB_texture_stencil8 GL_ARB_texture_storage GL_ARB_texture_storage_multisample GL_ARB_texture_swizzle GL_ARB_texture_view GL_ARB_timer_query GL_ARB_transform_feedback2 GL_ARB_transform_feedback3 GL_ARB_transform_feedback_instanced GL_ARB_transform_feedback_overflow_query GL_ARB_uniform_buffer_object GL_ARB_vertex_array_bgra GL_ARB_vertex_array_object GL_ARB_vertex_attrib_64bit GL_ARB_vertex_attrib_binding GL_ARB_vertex_buffer_object GL_ARB_vertex_shader GL_ARB_vertex_type_10f_11f_11f_rev GL_ARB_vertex_type_2_10_10_10_rev GL_ARB_
viewport_array GL_ATI_blend_equation_separate GL_ATI_texture_float GL_EXT_EGL_image_storage GL_EXT_EGL_sync GL_EXT_abgr GL_EXT_blend_equation_separate GL_EXT_debug_label GL_EXT_demote_to_helper_invocation GL_EXT_draw_buffers2 GL_EXT_draw_instanced GL_EXT_framebuffer_blit GL_EXT_framebuffer_multisample GL_EXT_framebuffer_multisample_blit_scaled GL_EXT_framebuffer_object GL_EXT_framebuffer_sRGB GL_EXT_memory_object GL_EXT_memory_object_fd GL_EXT_packed_depth_stencil GL_EXT_packed_float GL_EXT_pixel_buffer_object GL_EXT_polygon_offset_clamp GL_EXT_provoking_vertex GL_EXT_semaphore GL_EXT_semaphore_fd GL_EXT_shader_framebuffer_fetch GL_EXT_shader_framebuffer_fetch_non_coherent GL_EXT_shader_integer_mix GL_EXT_shader_samples_identical GL_EXT_texture_array GL_EXT_texture_compression_dxt1 GL_EXT_texture_compression_rgtc GL_EXT_texture_compression_s3tc GL_EXT_texture_filter_anisotropic GL_EXT_texture_integer GL_EXT_texture_sRGB GL_EXT_texture_sRGB_R8 GL_EXT_texture_sRGB_decode GL_EXT_texture_shadow_lod GL_EXT_textur
e_shared_exponent GL_EXT_texture_snorm GL_EXT_texture_swizzle GL_EXT_timer_query GL_EXT_transform_feedback GL_EXT_vertex_array_bgra GL_EXT_vertex_attrib_64bit GL_IBM_multimode_draw_arrays GL_INTEL_blackhole_render GL_INTEL_conservative_rasterization GL_INTEL_performance_query GL_INTEL_shader_atomic_float_minmax GL_INTEL_shader_integer_functions2 GL_KHR_blend_equation_advanced GL_KHR_blend_equation_advanced_coherent GL_KHR_context_flush_control GL_KHR_debug GL_KHR_no_error GL_KHR_parallel_shader_compile GL_KHR_robust_buffer_access_behavior GL_KHR_robustness GL_KHR_texture_compression_astc_ldr GL_KHR_texture_compression_astc_sliced_3d GL_MESA_framebuffer_flip_y GL_MESA_pack_invert GL_MESA_shader_integer_functions GL_MESA_texture_const_bandwidth GL_MESA_texture_signed_rgba GL_NV_alpha_to_coverage_dither_control GL_NV_compute_shader_derivatives GL_NV_conditional_render GL_NV_copy_image GL_NV_depth_clamp GL_NV_fragment_shader_interlock GL_NV_packed_depth_stencil GL_NV_texture_barrier GL_OES_EGL_image GL_S3_s3tc
OPENGL LOG: Creating OpenGL 4.6 graphics device ; Context level  <OpenGL 4.5> ; Context handle -390076768
Initialize mono
Mono path[0] = '/home/oem/Unity/Hub/Editor/2022.3.44f1/Editor/Data/Managed'
Mono path[1] = '/home/oem/Unity/Hub/Editor/2022.3.44f1/Editor/Data/MonoBleedingEdge/lib/mono/unityjit-linux'
Mono config path = '/home/oem/Unity/Hub/Editor/2022.3.44f1/Editor/Data/MonoBleedingEdge/etc'
Using monoOptions --debugger-agent=transport=dt_socket,embedding=1,server=y,suspend=n,address=127.0.0.1:56298
Begin MonoManager ReloadAssembly
Registering precompiled unity dll's ...
Register platform support module: /home/oem/Unity/Hub/Editor/2022.3.44f1/Editor/Data/PlaybackEngines/WindowsStandaloneSupport/UnityEditor.WindowsStandalone.Extensions.dll
Register platform support module: /home/oem/Unity/Hub/Editor/2022.3.44f1/Editor/Data/PlaybackEngines/LinuxStandaloneSupport/UnityEditor.LinuxStandalone.Extensions.dll
Registered in 0,054121 seconds.
- Loaded All Assemblies, in  4,918 seconds
Native extension for LinuxStandalone target not found
Native extension for WindowsStandalone target not found
Mono: successfully reloaded assembly
- Finished resetting the current domain, in  1,230 seconds
Domain Reload Profiling: 6158ms
	BeginReloadAssembly (3318ms)
		ExecutionOrderSort (0ms)
		DisableScriptedObjects (0ms)
		BackupInstance (0ms)
		ReleaseScriptingObjects (0ms)
		CreateAndSetChildDomain (5ms)
	RebuildCommonClasses (245ms)
	RebuildNativeTypeToScriptingClass (33ms)
	initialDomainReloadingComplete (358ms)
	LoadAllAssembliesAndSetupDomain (969ms)
		LoadAssemblies (3314ms)
		RebuildTransferFunctionScriptingTraits (0ms)
		AnalyzeDomain (945ms)
			TypeCache.Refresh (926ms)
				TypeCache.ScanAssembly (769ms)
			ScanForSourceGeneratedMonoScriptInfo (1ms)
			ResolveRequiredComponents (12ms)
	FinalizeReload (1235ms)
		ReleaseScriptCaches (0ms)
		RebuildScriptCaches (0ms)
		SetupLoadedEditorAssemblies (924ms)
			LogAssemblyErrors (0ms)
			InitializePlatformSupportModulesInManaged (65ms)
			SetLoadedEditorAssemblies (41ms)
			RefreshPlugins (0ms)
			BeforeProcessingInitializeOnLoad (4ms)
			ProcessInitializeOnLoadAttributes (527ms)
			ProcessInitializeOnLoadMethodAttributes (287ms)
			AfterProcessingInitializeOnLoad (0ms)
			EditorAssembliesLoaded (0ms)
		ExecutionOrderSort2 (0ms)
		AwakeInstancesAfterBackupRestoration (0ms)
========================================================================
Worker process is ready to serve import requests
Caller must complete domain reload
Begin MonoManager ReloadAssembly
- Loaded All Assemblies, in  3,515 seconds
Native extension for LinuxStandalone target not found
Native extension for WindowsStandalone target not found
Mono: successfully reloaded assembly
- Finished resetting the current domain, in  1,055 seconds
Domain Reload Profiling: 4570ms
	BeginReloadAssembly (720ms)
		ExecutionOrderSort (0ms)
		DisableScriptedObjects (13ms)
		BackupInstance (0ms)
		ReleaseScriptingObjects (0ms)
		CreateAndSetChildDomain (201ms)
	RebuildCommonClasses (134ms)
	RebuildNativeTypeToScriptingClass (55ms)
	initialDomainReloadingComplete (161ms)
	LoadAllAssembliesAndSetupDomain (2445ms)
		LoadAssemblies (2741ms)
		RebuildTransferFunctionScriptingTraits (0ms)
		AnalyzeDomain (18ms)
			TypeCache.Refresh (15ms)
				TypeCache.ScanAssembly (4ms)
			ScanForSourceGeneratedMonoScriptInfo (1ms)
			ResolveRequiredComponents (1ms)
	FinalizeReload (1056ms)
		ReleaseScriptCaches (0ms)
		RebuildScriptCaches (0ms)
		SetupLoadedEditorAssemblies (753ms)
			LogAssemblyErrors (0ms)
			InitializePlatformSupportModulesInManaged (43ms)
			SetLoadedEditorAssemblies (14ms)
			RefreshPlugins (0ms)
			BeforeProcessingInitializeOnLoad (69ms)
			ProcessInitializeOnLoadAttributes (566ms)
			ProcessInitializeOnLoadMethodAttributes (50ms)
			AfterProcessingInitializeOnLoad (11ms)
			EditorAssembliesLoaded (0ms)
		ExecutionOrderSort2 (0ms)
		AwakeInstancesAfterBackupRestoration (9ms)
Launched and connected shader compiler UnityShaderCompiler after 0.12 seconds
Refreshing native plugins compatible for Editor in 0.56 ms, found 0 plugins.
Preloading 0 native plugins for Editor in 0.00 ms.
Unloading 27 Unused Serialized files (Serialized files now loaded: 0)
Unloading 5 unused Assets / (22.0 KB). Loaded Objects now: 536.
Memory consumption went from 61.0 MB to 61.0 MB.
Total: 7.628341 ms (FindLiveObjects: 0.138466 ms CreateObjectMapping: 0.009009 ms MarkObjects: 7.342507 ms  DeleteObjects: 0.135050 ms)

AssetImportParameters requested are different than current active one (requested -> active):
  custom:container-muxer-webm: aa71ff27fc2769a1b78a27578f13a17b -> 
  custom:video-encoder-webm-vp8: eb34c28f22e8b96e1ab97ce403110664 -> 
  custom:audio-encoder-webm-vorbis: bf7c407c2cedff20999df2af8eb42d56 -> 
  custom:container-demuxer-ogg: 62fdf1f143b41e24485cea50d1cbac27 -> 
  custom:video-decoder-webm-vp8: 9c59270c3fd7afecdb556c50c9e8de78 -> 
  custom:audio-decoder-ogg-vorbis: bf7c407c2cedff20999df2af8eb42d56 -> 
  custom:AudioImporter_EditorPlatform: 2f0ff77a95e0ac474e3e8eeba4e2f7cb -> 
  custom:video-decoder-ogg-theora: a1e56fd34408186e4bbccfd4996cb3dc -> 
  custom:container-demuxer-webm: 4f35f7cbe854078d1ac9338744f61a02 -> 
  custom:CustomObjectIndexerAttribute: 232f87dd983dbecb2a4e21e08eb2cef8 -> 
  custom:SearchIndexIgnoredProperties: e643bd26f0fe6173181afceb89e7c659 -> 
========================================================================
Received Import Request.
  Time since last request: 8876.833449 seconds.
  path: Assets/Texturas
  artifactKey: Guid(add6e5fca69477444b121f7c695ceb8e) Importer(815301076,1909f56bfc062723c751e8b465ee728b)
Start importing Assets/Texturas using Guid(add6e5fca69477444b121f7c695ceb8e) Importer(815301076,1909f56bfc062723c751e8b465ee728b) [PhysX] Initialized MultithreadedTaskDispatcher with 2 workers.
 -> (artifact id: 'e52c5ebed16ffd966f13ac37550e2d30') in 0.028366 seconds
Number of updated asset objects reloaded before import = 0
Number of asset objects unloaded after import = 0
========================================================================
Received Import Request.
  Time since last request: 8.127958 seconds.
  path: Assets/TeddySuitKid
  artifactKey: Guid(20d30810a34d2209db11cb168645d78d) Importer(815301076,1909f56bfc062723c751e8b465ee728b)
Start importing Assets/TeddySuitKid using Guid(20d30810a34d2209db11cb168645d78d) Importer(815301076,1909f56bfc062723c751e8b465ee728b) [PhysX] Initialized MultithreadedTaskDispatcher with 2 workers.
 -> (artifact id: '7afd9cf0f3cb544d8884a61bc0c57fd6') in 0.000846 seconds
Number of updated asset objects reloaded before import = 0
Number of asset objects unloaded after import = 0
========================================================================
Received Import Request.
  Time since last request: 1.292976 seconds.
  path: Assets/TeddySuitKid/Demo
  artifactKey: Guid(bdfab2d9735ca944b95e5e08bab43189) Importer(815301076,1909f56bfc062723c751e8b465ee728b)
Start importing Assets/TeddySuitKid/Demo using Guid(bdfab2d9735ca944b95e5e08bab43189) Importer(815301076,1909f56bfc062723c751e8b465ee728b) [PhysX] Initialized MultithreadedTaskDispatcher with 2 workers.
 -> (artifact id: 'b3279c7fe691287891e2558b97447126') in 0.000945 seconds
Number of updated asset objects reloaded before import = 0
Number of asset objects unloaded after import = 0
========================================================================
Received Import Request.
  Time since last request: 2.495167 seconds.
  path: Assets/TeddySuitKid/Assets
  artifactKey: Guid(b70cae2388bad8c4bbbb427d63469ac8) Importer(815301076,1909f56bfc062723c751e8b465ee728b)
Start importing Assets/TeddySuitKid/Assets using Guid(b70cae2388bad8c4bbbb427d63469ac8) Importer(815301076,1909f56bfc062723c751e8b465ee728b) [PhysX] Initialized MultithreadedTaskDispatcher with 2 workers.
 -> (artifact id: '0d0050eb23b149e2780f1a879fbf4244') in 0.000710 seconds
Number of updated asset objects reloaded before import = 0
Number of asset objects unloaded after import = 0
========================================================================
Received Import Request.
  Time since last request: 2.613740 seconds.
  path: Assets/TeddySuitKid/Assets/Animator
  artifactKey: Guid(8b8489e167b7dd94bb19931673769fec) Importer(815301076,1909f56bfc062723c751e8b465ee728b)
Start importing Assets/TeddySuitKid/Assets/Animator using Guid(8b8489e167b7dd94bb19931673769fec) Importer(815301076,1909f56bfc062723c751e8b465ee728b) [PhysX] Initialized MultithreadedTaskDispatcher with 2 workers.
 -> (artifact id: '085b57b821b215a8c71c7dfb9cd97749') in 0.003623 seconds
Number of updated asset objects reloaded before import = 0
Number of asset objects unloaded after import = 0
========================================================================
Received Import Request.
  Time since last request: 4.546847 seconds.
  path: Assets/TeddySuitKid/Assets/Materials/backPackFox.mat
  artifactKey: Guid(08093c5f78e299341ba502c7188702b3) Importer(815301076,1909f56bfc062723c751e8b465ee728b)
Start importing Assets/TeddySuitKid/Assets/Materials/backPackFox.mat using Guid(08093c5f78e299341ba502c7188702b3) Importer(815301076,1909f56bfc062723c751e8b465ee728b) [PhysX] Initialized MultithreadedTaskDispatcher with 2 workers.
[PhysX] Initialized MultithreadedTaskDispatcher with 2 workers.
 -> (artifact id: '13fc606c7e7121523e1856dc02b45166') in 1.699662 seconds
Number of updated asset objects reloaded before import = 0
Number of asset objects unloaded after import = 4
========================================================================
Received Import Request.
  Time since last request: 0.000090 seconds.
  path: Assets/TeddySuitKid/Assets/Materials/Badger.mat
  artifactKey: Guid(d767ee04eb243284e8c7ddf4857f90d1) Importer(815301076,1909f56bfc062723c751e8b465ee728b)
Start importing Assets/TeddySuitKid/Assets/Materials/Badger.mat using Guid(d767ee04eb243284e8c7ddf4857f90d1) Importer(815301076,1909f56bfc062723c751e8b465ee728b) [PhysX] Initialized MultithreadedTaskDispatcher with 2 workers.
[PhysX] Initialized MultithreadedTaskDispatcher with 2 workers.
 -> (artifact id: '7ea7d7fd83e82c7a474a195edbb041d5') in 0.296248 seconds
Number of updated asset objects reloaded before import = 0
Number of asset objects unloaded after import = 4
========================================================================
Received Import Request.
  Time since last request: 0.003604 seconds.
  path: Assets/TeddySuitKid/Assets/Materials/PorkyHat.mat
  artifactKey: Guid(e400bd1611928ab46b08ab4c6692345a) Importer(815301076,1909f56bfc062723c751e8b465ee728b)
Start importing Assets/TeddySuitKid/Assets/Materials/PorkyHat.mat using Guid(e400bd1611928ab46b08ab4c6692345a) Importer(815301076,1909f56bfc062723c751e8b465ee728b) [PhysX] Initialized MultithreadedTaskDispatcher with 2 workers.
[PhysX] Initialized MultithreadedTaskDispatcher with 2 workers.
 -> (artifact id: '30281b612c27f744bdc8375944bd0c94') in 0.178748 seconds
Number of updated asset objects reloaded before import = 0
Number of asset objects unloaded after import = 4
========================================================================
Received Import Request.
  Time since last request: 0.000048 seconds.
  path: Assets/TeddySuitKid/Assets/Materials/BadgerPaws.mat
  artifactKey: Guid(ffdae399bfdaeb54a8e97a62128f170d) Importer(815301076,1909f56bfc062723c751e8b465ee728b)
Start importing Assets/TeddySuitKid/Assets/Materials/BadgerPaws.mat using Guid(ffdae399bfdaeb54a8e97a62128f170d) Importer(815301076,1909f56bfc062723c751e8b465ee728b) [PhysX] Initialized MultithreadedTaskDispatcher with 2 workers.
[PhysX] Initialized MultithreadedTaskDispatcher with 2 workers.
 -> (artifact id: '380a3c8f654910f2101c68b185ce9b1a') in 0.203119 seconds
Number of updated asset objects reloaded before import = 0
Number of asset objects unloaded after import = 4
========================================================================
Received Import Request.
  Time since last request: 0.001337 seconds.
  path: Assets/TeddySuitKid/Assets/Materials/BalloonFish.mat
  artifactKey: Guid(ab84cd9b3476d2d4687457e4d2ea5344) Importer(815301076,1909f56bfc062723c751e8b465ee728b)
Start importing Assets/TeddySuitKid/Assets/Materials/BalloonFish.mat using Guid(ab84cd9b3476d2d4687457e4d2ea5344) Importer(815301076,1909f56bfc062723c751e8b465ee728b) [PhysX] Initialized MultithreadedTaskDispatcher with 2 workers.
[PhysX] Initialized MultithreadedTaskDispatcher with 2 workers.
 -> (artifact id: 'f369a8f643fb8f35cff0c826fb46a019') in 0.223962 seconds
Number of updated asset objects reloaded before import = 0
Number of asset objects unloaded after import = 4
========================================================================
Received Import Request.
  Time since last request: 0.000090 seconds.
  path: Assets/TeddySuitKid/Assets/Materials/Fox.mat
  artifactKey: Guid(6cb1bf40c748cb94988efd765f8f1eb7) Importer(815301076,1909f56bfc062723c751e8b465ee728b)
Start importing Assets/TeddySuitKid/Assets/Materials/Fox.mat using Guid(6cb1bf40c748cb94988efd765f8f1eb7) Importer(815301076,1909f56bfc062723c751e8b465ee728b) [PhysX] Initialized MultithreadedTaskDispatcher with 2 workers.
[PhysX] Initialized MultithreadedTaskDispatcher with 2 workers.
 -> (artifact id: 'c347452d606475e471211ac6fb1af559') in 0.220741 seconds
Number of updated asset objects reloaded before import = 0
Number of asset objects unloaded after import = 4
========================================================================
Received Import Request.
  Time since last request: 0.004362 seconds.
  path: Assets/TeddySuitKid/Assets/Materials/Koala.mat
  artifactKey: Guid(aa6ee2bfa3a03aa47afcbd2a7eb6ae4b) Importer(815301076,1909f56bfc062723c751e8b465ee728b)
Start importing Assets/TeddySuitKid/Assets/Materials/Koala.mat using Guid(aa6ee2bfa3a03aa47afcbd2a7eb6ae4b) Importer(815301076,1909f56bfc062723c751e8b465ee728b) [PhysX] Initialized MultithreadedTaskDispatcher with 2 workers.
[PhysX] Initialized MultithreadedTaskDispatcher with 2 workers.
 -> (artifact id: 'd1e1ec64ea9b2fc8e2f4081e861a96e5') in 0.174781 seconds
Number of updated asset objects reloaded before import = 0
Number of asset objects unloaded after import = 4
========================================================================
Received Import Request.
  Time since last request: 0.003823 seconds.
  path: Assets/TeddySuitKid/Assets/Prefabs/BalloonFish.prefab
  artifactKey: Guid(de2c45cecc5231147a9769eba8c06a86) Importer(815301076,1909f56bfc062723c751e8b465ee728b)
Start importing Assets/TeddySuitKid/Assets/Prefabs/BalloonFish.prefab using Guid(de2c45cecc5231147a9769eba8c06a86) Importer(815301076,1909f56bfc062723c751e8b465ee728b) [PhysX] Initialized MultithreadedTaskDispatcher with 2 workers.
[PhysX] Initialized MultithreadedTaskDispatcher with 2 workers.
 -> (artifact id: '7e0c7a0881da80509380a1a2f1c71e8d') in 0.541760 seconds
Number of updated asset objects reloaded before import = 0
Number of asset objects unloaded after import = 209
========================================================================
Received Import Request.
  Time since last request: 0.000102 seconds.
  path: Assets/TeddySuitKid/Assets/Prefabs/Porky.prefab
  artifactKey: Guid(9c485c996b92c5c4caa648d570b0a916) Importer(815301076,1909f56bfc062723c751e8b465ee728b)
Start importing Assets/TeddySuitKid/Assets/Prefabs/Porky.prefab using Guid(9c485c996b92c5c4caa648d570b0a916) Importer(815301076,1909f56bfc062723c751e8b465ee728b) [PhysX] Initialized MultithreadedTaskDispatcher with 2 workers.
[PhysX] Initialized MultithreadedTaskDispatcher with 2 workers.
 -> (artifact id: '2d5c7cb7fe7f18d98528aaf55060881d') in 0.336498 seconds
Number of updated asset objects reloaded before import = 0
Number of asset objects unloaded after import = 197
========================================================================
Received Import Request.
  Time since last request: 0.005392 seconds.
  path: Assets/TeddySuitKid/Assets/Prefabs/Koala.prefab
  artifactKey: Guid(93591abefa6175b4181818e528245c06) Importer(815301076,1909f56bfc062723c751e8b465ee728b)
Start importing Assets/TeddySuitKid/Assets/Prefabs/Koala.prefab using Guid(93591abefa6175b4181818e528245c06) Importer(815301076,1909f56bfc062723c751e8b465ee728b) [PhysX] Initialized MultithreadedTaskDispatcher with 2 workers.
[PhysX] Initialized MultithreadedTaskDispatcher with 2 workers.
 -> (artifact id: '88974a598fa9a0a10218a45a40700605') in 0.785668 seconds
Number of updated asset objects reloaded before import = 0
Number of asset objects unloaded after import = 209
========================================================================
Received Import Request.
  Time since last request: 0.000110 seconds.
  path: Assets/TeddySuitKid/Assets/Materials/WovenKid.mat
  artifactKey: Guid(d8df18881aba0e441bbec105c975ace5) Importer(815301076,1909f56bfc062723c751e8b465ee728b)
Start importing Assets/TeddySuitKid/Assets/Materials/WovenKid.mat using Guid(d8df18881aba0e441bbec105c975ace5) Importer(815301076,1909f56bfc062723c751e8b465ee728b) [PhysX] Initialized MultithreadedTaskDispatcher with 2 workers.
[PhysX] Initialized MultithreadedTaskDispatcher with 2 workers.
 -> (artifact id: 'be1dba19c601f7bec6418e0de73efecb') in 0.459049 seconds
Number of updated asset objects reloaded before import = 0
Number of asset objects unloaded after import = 4
========================================================================
Received Import Request.
  Time since last request: 0.029848 seconds.
  path: Assets/TeddySuitKid/Assets/Prefabs/Fox.prefab
  artifactKey: Guid(e0e1165640516fb4abe42fbb6339664f) Importer(815301076,1909f56bfc062723c751e8b465ee728b)
Start importing Assets/TeddySuitKid/Assets/Prefabs/Fox.prefab using Guid(e0e1165640516fb4abe42fbb6339664f) Importer(815301076,1909f56bfc062723c751e8b465ee728b) [PhysX] Initialized MultithreadedTaskDispatcher with 2 workers.
[PhysX] Initialized MultithreadedTaskDispatcher with 2 workers.
 -> (artifact id: '1c443877f015c6415287a45fa057bb20') in 0.545783 seconds
Number of updated asset objects reloaded before import = 0
Number of asset objects unloaded after import = 242
========================================================================
Received Import Request.
  Time since last request: 0.000084 seconds.
  path: Assets/TeddySuitKid/Assets/Materials/Porky.mat
  artifactKey: Guid(4f290245ef6dfdc4ab391e00d09815da) Importer(815301076,1909f56bfc062723c751e8b465ee728b)
Start importing Assets/TeddySuitKid/Assets/Materials/Porky.mat using Guid(4f290245ef6dfdc4ab391e00d09815da) Importer(815301076,1909f56bfc062723c751e8b465ee728b) [PhysX] Initialized MultithreadedTaskDispatcher with 2 workers.
[PhysX] Initialized MultithreadedTaskDispatcher with 2 workers.
 -> (artifact id: 'e3d835ac260f285315c25c8bf34e25d2') in 0.053413 seconds
Number of updated asset objects reloaded before import = 0
Number of asset objects unloaded after import = 4
========================================================================
Received Import Request.
  Time since last request: 0.000088 seconds.
  path: Assets/TeddySuitKid/Assets/Materials/GreenBear.mat
  artifactKey: Guid(f2805f4ca12d7ec41a7109a9eee2c770) Importer(815301076,1909f56bfc062723c751e8b465ee728b)
Start importing Assets/TeddySuitKid/Assets/Materials/GreenBear.mat using Guid(f2805f4ca12d7ec41a7109a9eee2c770) Importer(815301076,1909f56bfc062723c751e8b465ee728b) [PhysX] Initialized MultithreadedTaskDispatcher with 2 workers.
[PhysX] Initialized MultithreadedTaskDispatcher with 2 workers.
 -> (artifact id: '15daa5871a46b549ae01c0fba7955ca4') in 1.873811 seconds
Number of updated asset objects reloaded before import = 0
Number of asset objects unloaded after import = 4
========================================================================
Received Import Request.
  Time since last request: 0.000088 seconds.
  path: Assets/TeddySuitKid/Assets/Prefabs/GreenBear.prefab
  artifactKey: Guid(ab479bd065ed110448f6315e7b8d24f2) Importer(815301076,1909f56bfc062723c751e8b465ee728b)
Start importing Assets/TeddySuitKid/Assets/Prefabs/GreenBear.prefab using Guid(ab479bd065ed110448f6315e7b8d24f2) Importer(815301076,1909f56bfc062723c751e8b465ee728b) [PhysX] Initialized MultithreadedTaskDispatcher with 2 workers.
[PhysX] Initialized MultithreadedTaskDispatcher with 2 workers.
 -> (artifact id: '2d289f05970c11803b6216f4e76ba60a') in 0.512154 seconds
Number of updated asset objects reloaded before import = 0
Number of asset objects unloaded after import = 229
========================================================================
Received Import Request.
  Time since last request: 0.000092 seconds.
  path: Assets/TeddySuitKid/Assets/Materials/FoxHat.mat
  artifactKey: Guid(4aa692babd711f64c99f22a22d55940a) Importer(815301076,1909f56bfc062723c751e8b465ee728b)
Start importing Assets/TeddySuitKid/Assets/Materials/FoxHat.mat using Guid(4aa692babd711f64c99f22a22d55940a) Importer(815301076,1909f56bfc062723c751e8b465ee728b) [PhysX] Initialized MultithreadedTaskDispatcher with 2 workers.
[PhysX] Initialized MultithreadedTaskDispatcher with 2 workers.
 -> (artifact id: '0f161cb76d84a18f0d861bb9980c2c0c') in 0.092187 seconds
Number of updated asset objects reloaded before import = 0
Number of asset objects unloaded after import = 4
========================================================================
Received Import Request.
  Time since last request: 0.000039 seconds.
  path: Assets/TeddySuitKid/Assets/Prefabs/Badger.prefab
  artifactKey: Guid(2ec61b6551995414e864c9bebb4cb0be) Importer(815301076,1909f56bfc062723c751e8b465ee728b)
Start importing Assets/TeddySuitKid/Assets/Prefabs/Badger.prefab using Guid(2ec61b6551995414e864c9bebb4cb0be) Importer(815301076,1909f56bfc062723c751e8b465ee728b) [PhysX] Initialized MultithreadedTaskDispatcher with 2 workers.
[PhysX] Initialized MultithreadedTaskDispatcher with 2 workers.
 -> (artifact id: 'cdf57c8daca25c12c75247b36b96d1aa') in 0.454274 seconds
Number of updated asset objects reloaded before import = 0
Number of asset objects unloaded after import = 215
========================================================================
Received Import Request.
  Time since last request: 0.000098 seconds.
  path: Assets/TeddySuitKid/Assets/Materials/GreenBearHat.mat
  artifactKey: Guid(8a4128e07607fab40833c468e5412999) Importer(815301076,1909f56bfc062723c751e8b465ee728b)
Start importing Assets/TeddySuitKid/Assets/Materials/GreenBearHat.mat using Guid(8a4128e07607fab40833c468e5412999) Importer(815301076,1909f56bfc062723c751e8b465ee728b) [PhysX] Initialized MultithreadedTaskDispatcher with 2 workers.
[PhysX] Initialized MultithreadedTaskDispatcher with 2 workers.
 -> (artifact id: '6921dc097807d043631658e1d99d1a8a') in 0.108819 seconds
Number of updated asset objects reloaded before import = 0
Number of asset objects unloaded after import = 4
========================================================================
Received Import Request.
  Time since last request: 0.003297 seconds.
  path: Assets/TeddySuitKid/Assets/Materials/KoalaHat.mat
  artifactKey: Guid(cb484d8ead0291442ad6434b2079990d) Importer(815301076,1909f56bfc062723c751e8b465ee728b)
Start importing Assets/TeddySuitKid/Assets/Materials/KoalaHat.mat using Guid(cb484d8ead0291442ad6434b2079990d) Importer(815301076,1909f56bfc062723c751e8b465ee728b) [PhysX] Initialized MultithreadedTaskDispatcher with 2 workers.
[PhysX] Initialized MultithreadedTaskDispatcher with 2 workers.
 -> (artifact id: 'f9dc389a1a6c88c3f5b19cf29562089c') in 0.093411 seconds
Number of updated asset objects reloaded before import = 0
Number of asset objects unloaded after import = 4
========================================================================
Received Import Request.
  Time since last request: 0.001017 seconds.
  path: Assets/TeddySuitKid/Assets/Materials/BadgerHat.mat
  artifactKey: Guid(4195d8f2fccd05445b8cfec38648ae90) Importer(815301076,1909f56bfc062723c751e8b465ee728b)
Start importing Assets/TeddySuitKid/Assets/Materials/BadgerHat.mat using Guid(4195d8f2fccd05445b8cfec38648ae90) Importer(815301076,1909f56bfc062723c751e8b465ee728b) [PhysX] Initialized MultithreadedTaskDispatcher with 2 workers.
[PhysX] Initialized MultithreadedTaskDispatcher with 2 workers.
 -> (artifact id: '429b148b39af60ac7775f1bbc424be0a') in 0.145897 seconds
Number of updated asset objects reloaded before import = 0
Number of asset objects unloaded after import = 4
========================================================================
Received Import Request.
  Time since last request: 0.002212 seconds.
  path: Assets/TeddySuitKid/Assets/Materials
  artifactKey: Guid(b06f60d648f4f9f41953c68857f5d018) Importer(815301076,1909f56bfc062723c751e8b465ee728b)
Start importing Assets/TeddySuitKid/Assets/Materials using Guid(b06f60d648f4f9f41953c68857f5d018) Importer(815301076,1909f56bfc062723c751e8b465ee728b) [PhysX] Initialized MultithreadedTaskDispatcher with 2 workers.
 -> (artifact id: 'd801599381ca2130d1ec3199ca126a47') in 0.001711 seconds
Number of updated asset objects reloaded before import = 0
Number of asset objects unloaded after import = 0
========================================================================
Received Import Request.
  Time since last request: 0.004594 seconds.
  path: Assets/TeddySuitKid/Assets/Materials/BalloonFishHat.mat
  artifactKey: Guid(31e29df5d3edd154e808525ce54fd547) Importer(815301076,1909f56bfc062723c751e8b465ee728b)
Start importing Assets/TeddySuitKid/Assets/Materials/BalloonFishHat.mat using Guid(31e29df5d3edd154e808525ce54fd547) Importer(815301076,1909f56bfc062723c751e8b465ee728b) [PhysX] Initialized MultithreadedTaskDispatcher with 2 workers.
[PhysX] Initialized MultithreadedTaskDispatcher with 2 workers.
 -> (artifact id: 'fc48eeaf10acb24a47a8a42a47f333ff') in 0.215262 seconds
Number of updated asset objects reloaded before import = 0
Number of asset objects unloaded after import = 4
========================================================================
Received Import Request.
  Time since last request: 5.765443 seconds.
  path: Assets/TeddySuitKid/Assets/Textures
  artifactKey: Guid(8e988b464034f2844ad0e830f1e71df6) Importer(815301076,1909f56bfc062723c751e8b465ee728b)
Start importing Assets/TeddySuitKid/Assets/Textures using Guid(8e988b464034f2844ad0e830f1e71df6) Importer(815301076,1909f56bfc062723c751e8b465ee728b) [PhysX] Initialized MultithreadedTaskDispatcher with 2 workers.
 -> (artifact id: 'ef03999e6efd1d090865d7e38963c12a') in 0.002155 seconds
Number of updated asset objects reloaded before import = 0
Number of asset objects unloaded after import = 0
========================================================================
Received Prepare
Caller must complete domain reload
Begin MonoManager ReloadAssembly
- Loaded All Assemblies, in  2.562 seconds
Native extension for LinuxStandalone target not found
Native extension for WindowsStandalone target not found
Mono: successfully reloaded assembly
- Finished resetting the current domain, in  2.344 seconds
Domain Reload Profiling: 4909ms
	BeginReloadAssembly (1069ms)
		ExecutionOrderSort (0ms)
		DisableScriptedObjects (25ms)
		BackupInstance (0ms)
		ReleaseScriptingObjects (0ms)
		CreateAndSetChildDomain (272ms)
	RebuildCommonClasses (178ms)
	RebuildNativeTypeToScriptingClass (51ms)
	initialDomainReloadingComplete (363ms)
	LoadAllAssembliesAndSetupDomain (904ms)
		LoadAssemblies (1479ms)
		RebuildTransferFunctionScriptingTraits (0ms)
		AnalyzeDomain (35ms)
			TypeCache.Refresh (28ms)
				TypeCache.ScanAssembly (3ms)
			ScanForSourceGeneratedMonoScriptInfo (1ms)
			ResolveRequiredComponents (2ms)
	FinalizeReload (2345ms)
		ReleaseScriptCaches (0ms)
		RebuildScriptCaches (0ms)
		SetupLoadedEditorAssemblies (1734ms)
			LogAssemblyErrors (0ms)
			InitializePlatformSupportModulesInManaged (106ms)
			SetLoadedEditorAssemblies (37ms)
			RefreshPlugins (0ms)
			BeforeProcessingInitializeOnLoad (152ms)
			ProcessInitializeOnLoadAttributes (1297ms)
			ProcessInitializeOnLoadMethodAttributes (125ms)
			AfterProcessingInitializeOnLoad (17ms)
			EditorAssembliesLoaded (0ms)
		ExecutionOrderSort2 (0ms)
		AwakeInstancesAfterBackupRestoration (25ms)
Refreshing native plugins compatible for Editor in 0.51 ms, found 0 plugins.
Preloading 0 native plugins for Editor in 0.00 ms.
Unloading 21 Unused Serialized files (Serialized files now loaded: 0)
Unloading 4 unused Assets / (23.3 KB). Loaded Objects now: 577.
Memory consumption went from 62.4 MB to 62.4 MB.
Total: 12.402690 ms (FindLiveObjects: 0.404314 ms CreateObjectMapping: 0.010247 ms MarkObjects: 11.108214 ms  DeleteObjects: 0.065422 ms)

Prepare: number of updated asset objects reloaded= 0
AssetImportParameters requested are different than current active one (requested -> active):
  custom:scripting/monoscript/fileName/WovenKidExample.cs: 41ef536436d0ca42dddf0cc73f160b7f -> 80b7d4a1d3e2880cf53a9daf69f16323
  custom:container-muxer-webm: aa71ff27fc2769a1b78a27578f13a17b -> 
  custom:video-encoder-webm-vp8: eb34c28f22e8b96e1ab97ce403110664 -> 
  custom:audio-encoder-webm-vorbis: bf7c407c2cedff20999df2af8eb42d56 -> 
  custom:container-demuxer-ogg: 62fdf1f143b41e24485cea50d1cbac27 -> 
  custom:video-decoder-webm-vp8: 9c59270c3fd7afecdb556c50c9e8de78 -> 
  custom:audio-decoder-ogg-vorbis: bf7c407c2cedff20999df2af8eb42d56 -> 
  custom:AudioImporter_EditorPlatform: 2f0ff77a95e0ac474e3e8eeba4e2f7cb -> 
  custom:video-decoder-ogg-theora: a1e56fd34408186e4bbccfd4996cb3dc -> 
  custom:container-demuxer-webm: 4f35f7cbe854078d1ac9338744f61a02 -> 
  custom:scripting/precompiled-assembly-types:Assembly-CSharp: 8da254a82c6cec1203d6a6baf15e3dc0 -> d57e8041e94eed94248812206f09e661
  custom:CustomObjectIndexerAttribute: 232f87dd983dbecb2a4e21e08eb2cef8 -> 
  custom:SearchIndexIgnoredProperties: e643bd26f0fe6173181afceb89e7c659 -> 
  custom:scripting/monoscript/fileName/BackPackExample.cs: 5e983e0acf34b7407577d2ff2561fa36 -> c4386164cebae4f8e64b112dd4e5ae98
========================================================================
Received Import Request.
  Time since last request: 84.017433 seconds.
  path: Assets/TeddySuitKid/Demo/TeddySuitKidDemo.unity
  artifactKey: Guid(44b911a82f32925498c77231b34a4362) Importer(815301076,1909f56bfc062723c751e8b465ee728b)
Start importing Assets/TeddySuitKid/Demo/TeddySuitKidDemo.unity using Guid(44b911a82f32925498c77231b34a4362) Importer(815301076,1909f56bfc062723c751e8b465ee728b) [PhysX] Initialized MultithreadedTaskDispatcher with 2 workers.
 -> (artifact id: '3a2ecaa99545867249a112c898063c2b') in 0.252363 seconds
Number of updated asset objects reloaded before import = 0
Number of asset objects unloaded after import = 0
========================================================================
Received Import Request.
  Time since last request: 6.788278 seconds.
  path: Assets/Island
  artifactKey: Guid(c79f9ae5a2aa28039a3159b64b24ffbb) Importer(815301076,1909f56bfc062723c751e8b465ee728b)
Start importing Assets/Island using Guid(c79f9ae5a2aa28039a3159b64b24ffbb) Importer(815301076,1909f56bfc062723c751e8b465ee728b) [PhysX] Initialized MultithreadedTaskDispatcher with 2 workers.
 -> (artifact id: '84fc17d73ddb47f849437b13cbdf1df1') in 0.005085 seconds
Number of updated asset objects reloaded before import = 0
Number of asset objects unloaded after import = 0
========================================================================
Received Import Request.
  Time since last request: 1.307398 seconds.
  path: Assets/Island/Scripts
  artifactKey: Guid(e64a0811aeee3f5449c0eb1d65a7bdf5) Importer(815301076,1909f56bfc062723c751e8b465ee728b)
Start importing Assets/Island/Scripts using Guid(e64a0811aeee3f5449c0eb1d65a7bdf5) Importer(815301076,1909f56bfc062723c751e8b465ee728b) [PhysX] Initialized MultithreadedTaskDispatcher with 2 workers.
 -> (artifact id: '448a7a1b1d896f8b2a3a64af19756995') in 0.002584 seconds
Number of updated asset objects reloaded before import = 0
Number of asset objects unloaded after import = 0
========================================================================
Received Import Request.
  Time since last request: 6.042493 seconds.
  path: Assets/Escenas
  artifactKey: Guid(671fc647901c845488863a2dfc528dd1) Importer(815301076,1909f56bfc062723c751e8b465ee728b)
Start importing Assets/Escenas using Guid(671fc647901c845488863a2dfc528dd1) Importer(815301076,1909f56bfc062723c751e8b465ee728b) [PhysX] Initialized MultithreadedTaskDispatcher with 2 workers.
 -> (artifact id: 'a786da6710506b30c1e0736ef0ac8901') in 0.001966 seconds
Number of updated asset objects reloaded before import = 0
Number of asset objects unloaded after import = 0
========================================================================
Received Import Request.
  Time since last request: 1.451830 seconds.
  path: Assets/Free Stylized Skybox
  artifactKey: Guid(559cf281bb5339a829296fde3cf7e19b) Importer(815301076,1909f56bfc062723c751e8b465ee728b)
Start importing Assets/Free Stylized Skybox using Guid(559cf281bb5339a829296fde3cf7e19b) Importer(815301076,1909f56bfc062723c751e8b465ee728b) [PhysX] Initialized MultithreadedTaskDispatcher with 2 workers.
 -> (artifact id: 'd3386bd76ce58d92f2fbb9b129d9b34a') in 0.001889 seconds
Number of updated asset objects reloaded before import = 0
Number of asset objects unloaded after import = 0
========================================================================
Received Import Request.
  Time since last request: 1.308137 seconds.
  path: Assets/Free Stylized Skybox/Panoramic
  artifactKey: Guid(6588c901b4b81d540b701c69a7474393) Importer(815301076,1909f56bfc062723c751e8b465ee728b)
Start importing Assets/Free Stylized Skybox/Panoramic using Guid(6588c901b4b81d540b701c69a7474393) Importer(815301076,1909f56bfc062723c751e8b465ee728b) [PhysX] Initialized MultithreadedTaskDispatcher with 2 workers.
 -> (artifact id: 'c51c771e7592cc5f017bb8049275a044') in 0.003402 seconds
Number of updated asset objects reloaded before import = 0
Number of asset objects unloaded after import = 0
========================================================================
Received Import Request.
  Time since last request: 1.001496 seconds.
  path: Assets/Free Stylized Skybox/Panoramic/Textures
  artifactKey: Guid(d9f8778e282034c4eb5dc5c46157aee9) Importer(815301076,1909f56bfc062723c751e8b465ee728b)
Start importing Assets/Free Stylized Skybox/Panoramic/Textures using Guid(d9f8778e282034c4eb5dc5c46157aee9) Importer(815301076,1909f56bfc062723c751e8b465ee728b) [PhysX] Initialized MultithreadedTaskDispatcher with 2 workers.
 -> (artifact id: 'a10a4fd2af7ba7369774ed5015b41e13') in 0.000783 seconds
Number of updated asset objects reloaded before import = 0
Number of asset objects unloaded after import = 0
========================================================================
Received Import Request.
  Time since last request: 2.573603 seconds.
  path: Assets/Free Stylized Skybox/Panoramic/Materials
  artifactKey: Guid(caf6dc09e20841545a84ea5110230189) Importer(815301076,1909f56bfc062723c751e8b465ee728b)
Start importing Assets/Free Stylized Skybox/Panoramic/Materials using Guid(caf6dc09e20841545a84ea5110230189) Importer(815301076,1909f56bfc062723c751e8b465ee728b) [PhysX] Initialized MultithreadedTaskDispatcher with 2 workers.
 -> (artifact id: 'b6ac6713563275fa94e997630b465443') in 0.000724 seconds
Number of updated asset objects reloaded before import = 0
Number of asset objects unloaded after import = 0
========================================================================
Received Import Request.
  Time since last request: 9.614378 seconds.
  path: Assets/Free Stylized Skybox/Panoramic/Materials/Sky_LowPoly_01_Day_a.mat
  artifactKey: Guid(6abe918ee1229b34f8557fc2a5a39825) Importer(815301076,1909f56bfc062723c751e8b465ee728b)
Start importing Assets/Free Stylized Skybox/Panoramic/Materials/Sky_LowPoly_01_Day_a.mat using Guid(6abe918ee1229b34f8557fc2a5a39825) Importer(815301076,1909f56bfc062723c751e8b465ee728b) [PhysX] Initialized MultithreadedTaskDispatcher with 2 workers.
[PhysX] Initialized MultithreadedTaskDispatcher with 2 workers.
 -> (artifact id: 'f556ac9855992740631ea50369b8adc3') in 2.393217 seconds
Number of updated asset objects reloaded before import = 0
Number of asset objects unloaded after import = 3
========================================================================
Received Import Request.
  Time since last request: 2.208691 seconds.
  path: Assets/Free Stylized Skybox/CubeMap
  artifactKey: Guid(8f1c5a5cb73b94a419410c4554e1dd97) Importer(815301076,1909f56bfc062723c751e8b465ee728b)
Start importing Assets/Free Stylized Skybox/CubeMap using Guid(8f1c5a5cb73b94a419410c4554e1dd97) Importer(815301076,1909f56bfc062723c751e8b465ee728b) [PhysX] Initialized MultithreadedTaskDispatcher with 2 workers.
 -> (artifact id: '51906a4180f147557dd214883acf34a7') in 0.004371 seconds
Number of updated asset objects reloaded before import = 0
Number of asset objects unloaded after import = 0
========================================================================
Received Import Request.
  Time since last request: 12.731125 seconds.
  path: Assets/Skybox
  artifactKey: Guid(559cf281bb5339a829296fde3cf7e19b) Importer(815301076,1909f56bfc062723c751e8b465ee728b)
Start importing Assets/Skybox using Guid(559cf281bb5339a829296fde3cf7e19b) Importer(815301076,1909f56bfc062723c751e8b465ee728b) [PhysX] Initialized MultithreadedTaskDispatcher with 2 workers.
 -> (artifact id: '6d716dccc3a061fd5b8f19dcc1f86ec2') in 0.029557 seconds
Number of updated asset objects reloaded before import = 0
Number of asset objects unloaded after import = 0
========================================================================
Received Import Request.
  Time since last request: 1.615806 seconds.
  path: Assets/LevelPlay
  artifactKey: Guid(d11f79939f492a001890388553cae0ab) Importer(815301076,1909f56bfc062723c751e8b465ee728b)
Start importing Assets/LevelPlay using Guid(d11f79939f492a001890388553cae0ab) Importer(815301076,1909f56bfc062723c751e8b465ee728b) [PhysX] Initialized MultithreadedTaskDispatcher with 2 workers.
 -> (artifact id: '027f185d12150a640519e2922ec1752f') in 0.000814 seconds
Number of updated asset objects reloaded before import = 0
Number of asset objects unloaded after import = 0
========================================================================
Received Import Request.
  Time since last request: 15.449508 seconds.
  path: Assets/SimpleSky
  artifactKey: Guid(4941fdead0d825548971306892f63c67) Importer(815301076,1909f56bfc062723c751e8b465ee728b)
Start importing Assets/SimpleSky using Guid(4941fdead0d825548971306892f63c67) Importer(815301076,1909f56bfc062723c751e8b465ee728b) [PhysX] Initialized MultithreadedTaskDispatcher with 2 workers.
 -> (artifact id: '3f6a1f025afa35037214c9a2457e72dc') in 0.002468 seconds
Number of updated asset objects reloaded before import = 0
Number of asset objects unloaded after import = 0
========================================================================
Received Import Request.
  Time since last request: 16.221017 seconds.
  path: Assets/Modelos
  artifactKey: Guid(7f1c84e523876664083649b7a985a6f4) Importer(815301076,1909f56bfc062723c751e8b465ee728b)
Start importing Assets/Modelos using Guid(7f1c84e523876664083649b7a985a6f4) Importer(815301076,1909f56bfc062723c751e8b465ee728b) [PhysX] Initialized MultithreadedTaskDispatcher with 2 workers.
 -> (artifact id: '88f7c09d7fce5f69390338c015cea298') in 0.003241 seconds
Number of updated asset objects reloaded before import = 0
Number of asset objects unloaded after import = 0
========================================================================
Received Import Request.
  Time since last request: 1.290540 seconds.
  path: Assets/Modelos/Escenario
  artifactKey: Guid(6ea2ce33f2b95f84abc6baef6a05c0d5) Importer(815301076,1909f56bfc062723c751e8b465ee728b)
Start importing Assets/Modelos/Escenario using Guid(6ea2ce33f2b95f84abc6baef6a05c0d5) Importer(815301076,1909f56bfc062723c751e8b465ee728b) [PhysX] Initialized MultithreadedTaskDispatcher with 2 workers.
 -> (artifact id: '6e5a3cc275434e39a6ddd8688b7d89d4') in 0.001281 seconds
Number of updated asset objects reloaded before import = 0
Number of asset objects unloaded after import = 0
========================================================================
Received Import Request.
  Time since last request: 8.224768 seconds.
  path: Assets/Materiales
  artifactKey: Guid(72871cdd4a5faac4e9d6038262f05aba) Importer(815301076,1909f56bfc062723c751e8b465ee728b)
Start importing Assets/Materiales using Guid(72871cdd4a5faac4e9d6038262f05aba) Importer(815301076,1909f56bfc062723c751e8b465ee728b) [PhysX] Initialized MultithreadedTaskDispatcher with 2 workers.
 -> (artifact id: '60868cd51f884394ec0eeba2ad67472c') in 0.001011 seconds
Number of updated asset objects reloaded before import = 0
Number of asset objects unloaded after import = 0
========================================================================
Received Import Request.
  Time since last request: 0.142845 seconds.
  path: Assets/Materiales/ArchesMaterial.mat
  artifactKey: Guid(f47747e933b49fc4d80c4175b842f8a6) Importer(815301076,1909f56bfc062723c751e8b465ee728b)
Start importing Assets/Materiales/ArchesMaterial.mat using Guid(f47747e933b49fc4d80c4175b842f8a6) Importer(815301076,1909f56bfc062723c751e8b465ee728b) [PhysX] Initialized MultithreadedTaskDispatcher with 2 workers.
[PhysX] Initialized MultithreadedTaskDispatcher with 2 workers.
 -> (artifact id: '3fc4942fc4987ad0fde89aa9c8d19200') in 0.057560 seconds
Number of updated asset objects reloaded before import = 0
Number of asset objects unloaded after import = 1
========================================================================
Received Import Request.
  Time since last request: 0.004296 seconds.
  path: Assets/Materiales/ClockGlassMaterial.mat
  artifactKey: Guid(f5f51bb814b2fb344a86d653efa7820a) Importer(815301076,1909f56bfc062723c751e8b465ee728b)
Start importing Assets/Materiales/ClockGlassMaterial.mat using Guid(f5f51bb814b2fb344a86d653efa7820a) Importer(815301076,1909f56bfc062723c751e8b465ee728b) [PhysX] Initialized MultithreadedTaskDispatcher with 2 workers.
[PhysX] Initialized MultithreadedTaskDispatcher with 2 workers.
 -> (artifact id: 'a61f5a95613bbb6399a3072c47980938') in 0.026997 seconds
Number of updated asset objects reloaded before import = 0
Number of asset objects unloaded after import = 1
========================================================================
Received Import Request.
  Time since last request: 0.001287 seconds.
  path: Assets/Materiales/DollhouseMaterial.mat
  artifactKey: Guid(c1949f404862a554fa4099c15ef2d2d0) Importer(815301076,1909f56bfc062723c751e8b465ee728b)
Start importing Assets/Materiales/DollhouseMaterial.mat using Guid(c1949f404862a554fa4099c15ef2d2d0) Importer(815301076,1909f56bfc062723c751e8b465ee728b) [PhysX] Initialized MultithreadedTaskDispatcher with 2 workers.
[PhysX] Initialized MultithreadedTaskDispatcher with 2 workers.
 -> (artifact id: '71fa641656ad1bb2f6a0ec69ae929d50') in 0.022459 seconds
Number of updated asset objects reloaded before import = 0
Number of asset objects unloaded after import = 1
========================================================================
Received Import Request.
  Time since last request: 0.000113 seconds.
  path: Assets/Materiales/GunMaterial.mat
  artifactKey: Guid(5afa4a01a731c834d9a62da55c7cfa7c) Importer(815301076,1909f56bfc062723c751e8b465ee728b)
Start importing Assets/Materiales/GunMaterial.mat using Guid(5afa4a01a731c834d9a62da55c7cfa7c) Importer(815301076,1909f56bfc062723c751e8b465ee728b) [PhysX] Initialized MultithreadedTaskDispatcher with 2 workers.
[PhysX] Initialized MultithreadedTaskDispatcher with 2 workers.
 -> (artifact id: 'd4daaf708f5c499b111e13ca33c3d43d') in 0.020626 seconds
Number of updated asset objects reloaded before import = 0
Number of asset objects unloaded after import = 1
========================================================================
Received Import Request.
  Time since last request: 0.000040 seconds.
  path: Assets/Materiales/BatMaterial.mat
  artifactKey: Guid(0ef8417e2da236b41bc44d89b7d4d8b8) Importer(815301076,1909f56bfc062723c751e8b465ee728b)
Start importing Assets/Materiales/BatMaterial.mat using Guid(0ef8417e2da236b41bc44d89b7d4d8b8) Importer(815301076,1909f56bfc062723c751e8b465ee728b) [PhysX] Initialized MultithreadedTaskDispatcher with 2 workers.
[PhysX] Initialized MultithreadedTaskDispatcher with 2 workers.
 -> (artifact id: '64474e4232c163358f74cb172decd054') in 0.014106 seconds
Number of updated asset objects reloaded before import = 0
Number of asset objects unloaded after import = 1
========================================================================
Received Import Request.
  Time since last request: 0.002755 seconds.
  path: Assets/Materiales/ReflectorMaterial.mat
  artifactKey: Guid(77418298633c084438f31c2c9714713c) Importer(815301076,1909f56bfc062723c751e8b465ee728b)
Start importing Assets/Materiales/ReflectorMaterial.mat using Guid(77418298633c084438f31c2c9714713c) Importer(815301076,1909f56bfc062723c751e8b465ee728b) [PhysX] Initialized MultithreadedTaskDispatcher with 2 workers.
[PhysX] Initialized MultithreadedTaskDispatcher with 2 workers.
 -> (artifact id: '37199553f033728605e336c881e35547') in 0.018914 seconds
Number of updated asset objects reloaded before import = 0
Number of asset objects unloaded after import = 1
========================================================================
Received Import Request.
  Time since last request: 0.000039 seconds.
  path: Assets/Materiales/StoolMaterial.mat
  artifactKey: Guid(e216d9a237468f4458c2662e19f60c81) Importer(815301076,1909f56bfc062723c751e8b465ee728b)
Start importing Assets/Materiales/StoolMaterial.mat using Guid(e216d9a237468f4458c2662e19f60c81) Importer(815301076,1909f56bfc062723c751e8b465ee728b) [PhysX] Initialized MultithreadedTaskDispatcher with 2 workers.
[PhysX] Initialized MultithreadedTaskDispatcher with 2 workers.
 -> (artifact id: '7f196d90b5786774f2ec92214845168c') in 0.024623 seconds
Number of updated asset objects reloaded before import = 0
Number of asset objects unloaded after import = 1
========================================================================
Received Import Request.
  Time since last request: 0.000038 seconds.
  path: Assets/Materiales/RobotMaterial.mat
  artifactKey: Guid(2094b0aba19a4c44bb00f6f055bb899e) Importer(815301076,1909f56bfc062723c751e8b465ee728b)
Start importing Assets/Materiales/RobotMaterial.mat using Guid(2094b0aba19a4c44bb00f6f055bb899e) Importer(815301076,1909f56bfc062723c751e8b465ee728b) [PhysX] Initialized MultithreadedTaskDispatcher with 2 workers.
[PhysX] Initialized MultithreadedTaskDispatcher with 2 workers.
 -> (artifact id: 'b5d218ff43013e0ab1e2d7d2681217bb') in 0.022843 seconds
Number of updated asset objects reloaded before import = 0
Number of asset objects unloaded after import = 1
========================================================================
Received Import Request.
  Time since last request: 0.000046 seconds.
  path: Assets/Materiales/HellephantMaterial.mat
  artifactKey: Guid(20c2c861010d0ce49a4716087f02535e) Importer(815301076,1909f56bfc062723c751e8b465ee728b)
Start importing Assets/Materiales/HellephantMaterial.mat using Guid(20c2c861010d0ce49a4716087f02535e) Importer(815301076,1909f56bfc062723c751e8b465ee728b) [PhysX] Initialized MultithreadedTaskDispatcher with 2 workers.
[PhysX] Initialized MultithreadedTaskDispatcher with 2 workers.
 -> (artifact id: '396c0a95c0c01ac16678b4683ecbd86c') in 0.017794 seconds
Number of updated asset objects reloaded before import = 0
Number of asset objects unloaded after import = 1
========================================================================
Received Import Request.
  Time since last request: 0.001046 seconds.
  path: Assets/Materiales/SpinningTopMaterial.mat
  artifactKey: Guid(2cc03082a5ed39b48989495e27eca771) Importer(815301076,1909f56bfc062723c751e8b465ee728b)
Start importing Assets/Materiales/SpinningTopMaterial.mat using Guid(2cc03082a5ed39b48989495e27eca771) Importer(815301076,1909f56bfc062723c751e8b465ee728b) [PhysX] Initialized MultithreadedTaskDispatcher with 2 workers.
[PhysX] Initialized MultithreadedTaskDispatcher with 2 workers.
 -> (artifact id: '0c02438291c4efd0fca53d3a67f2d2d1') in 0.026001 seconds
Number of updated asset objects reloaded before import = 0
Number of asset objects unloaded after import = 1
========================================================================
Received Import Request.
  Time since last request: 0.000217 seconds.
  path: Assets/Materiales/DollArmMaterial.mat
  artifactKey: Guid(6e17af88287f0b448a73cc49549a64a7) Importer(815301076,1909f56bfc062723c751e8b465ee728b)
Start importing Assets/Materiales/DollArmMaterial.mat using Guid(6e17af88287f0b448a73cc49549a64a7) Importer(815301076,1909f56bfc062723c751e8b465ee728b) [PhysX] Initialized MultithreadedTaskDispatcher with 2 workers.
[PhysX] Initialized MultithreadedTaskDispatcher with 2 workers.
 -> (artifact id: 'cbf14a579f0d3f915ff12f660087d93f') in 0.029061 seconds
Number of updated asset objects reloaded before import = 0
Number of asset objects unloaded after import = 1
========================================================================
Received Import Request.
  Time since last request: 0.000924 seconds.
  path: Assets/Materiales/DrawersMaterial.mat
  artifactKey: Guid(29bbead13699b2d4f8bb36a42f8952a8) Importer(815301076,1909f56bfc062723c751e8b465ee728b)
Start importing Assets/Materiales/DrawersMaterial.mat using Guid(29bbead13699b2d4f8bb36a42f8952a8) Importer(815301076,1909f56bfc062723c751e8b465ee728b) [PhysX] Initialized MultithreadedTaskDispatcher with 2 workers.
[PhysX] Initialized MultithreadedTaskDispatcher with 2 workers.
 -> (artifact id: '36a359937fb0bac3760d9bee59ca4217') in 0.017186 seconds
Number of updated asset objects reloaded before import = 0
Number of asset objects unloaded after import = 1
========================================================================
Received Import Request.
  Time since last request: 0.000051 seconds.
  path: Assets/Materiales/FiretruckMaterial.mat
  artifactKey: Guid(19ef75e024e092b4c9dfa97b7b1a4dcc) Importer(815301076,1909f56bfc062723c751e8b465ee728b)
Start importing Assets/Materiales/FiretruckMaterial.mat using Guid(19ef75e024e092b4c9dfa97b7b1a4dcc) Importer(815301076,1909f56bfc062723c751e8b465ee728b) [PhysX] Initialized MultithreadedTaskDispatcher with 2 workers.
[PhysX] Initialized MultithreadedTaskDispatcher with 2 workers.
 -> (artifact id: '1710d7cdf8c95120a6723d26884857ac') in 0.019615 seconds
Number of updated asset objects reloaded before import = 0
Number of asset objects unloaded after import = 1
========================================================================
Received Import Request.
  Time since last request: 0.000054 seconds.
  path: Assets/Materiales/HearseMaterial.mat
  artifactKey: Guid(bb414bb09da597d4c98ebd9d9c7b972c) Importer(815301076,1909f56bfc062723c751e8b465ee728b)
Start importing Assets/Materiales/HearseMaterial.mat using Guid(bb414bb09da597d4c98ebd9d9c7b972c) Importer(815301076,1909f56bfc062723c751e8b465ee728b) [PhysX] Initialized MultithreadedTaskDispatcher with 2 workers.
[PhysX] Initialized MultithreadedTaskDispatcher with 2 workers.
 -> (artifact id: 'd77196dac0affcc8579373b4fd2eb4db') in 0.015789 seconds
Number of updated asset objects reloaded before import = 0
Number of asset objects unloaded after import = 1
========================================================================
Received Import Request.
  Time since last request: 0.000906 seconds.
  path: Assets/Materiales/TrainMaterial.mat
  artifactKey: Guid(0d545cb791fbdf34a8344533f47c4358) Importer(815301076,1909f56bfc062723c751e8b465ee728b)
Start importing Assets/Materiales/TrainMaterial.mat using Guid(0d545cb791fbdf34a8344533f47c4358) Importer(815301076,1909f56bfc062723c751e8b465ee728b) [PhysX] Initialized MultithreadedTaskDispatcher with 2 workers.
[PhysX] Initialized MultithreadedTaskDispatcher with 2 workers.
 -> (artifact id: '06f8b92b7486828881cb0d36b403cbc3') in 0.020758 seconds
Number of updated asset objects reloaded before import = 0
Number of asset objects unloaded after import = 1
========================================================================
Received Import Request.
  Time since last request: 0.000276 seconds.
  path: Assets/Materiales/ZombunnyMaterial.mat
  artifactKey: Guid(90309a9ae07af7a4baf27031c594f369) Importer(815301076,1909f56bfc062723c751e8b465ee728b)
Start importing Assets/Materiales/ZombunnyMaterial.mat using Guid(90309a9ae07af7a4baf27031c594f369) Importer(815301076,1909f56bfc062723c751e8b465ee728b) [PhysX] Initialized MultithreadedTaskDispatcher with 2 workers.
[PhysX] Initialized MultithreadedTaskDispatcher with 2 workers.
 -> (artifact id: '1fbdb5103b1f3ec5eca2ce6f4287c963') in 0.028528 seconds
Number of updated asset objects reloaded before import = 0
Number of asset objects unloaded after import = 1
========================================================================
Received Import Request.
  Time since last request: 0.001360 seconds.
  path: Assets/Materiales/BloxMaterial.mat
  artifactKey: Guid(717d65321c603dd48a9bb1c2622f1e73) Importer(815301076,1909f56bfc062723c751e8b465ee728b)
Start importing Assets/Materiales/BloxMaterial.mat using Guid(717d65321c603dd48a9bb1c2622f1e73) Importer(815301076,1909f56bfc062723c751e8b465ee728b) [PhysX] Initialized MultithreadedTaskDispatcher with 2 workers.
[PhysX] Initialized MultithreadedTaskDispatcher with 2 workers.
 -> (artifact id: '8a221822b4c125ee752f208489ee6c2d') in 0.024979 seconds
Number of updated asset objects reloaded before import = 0
Number of asset objects unloaded after import = 1
========================================================================
Received Import Request.
  Time since last request: 0.000588 seconds.
  path: Assets/Materiales/PlanksMaterial.mat
  artifactKey: Guid(c9fdccd01cd0c3d40af6eb4f901b3b24) Importer(815301076,1909f56bfc062723c751e8b465ee728b)
Start importing Assets/Materiales/PlanksMaterial.mat using Guid(c9fdccd01cd0c3d40af6eb4f901b3b24) Importer(815301076,1909f56bfc062723c751e8b465ee728b) [PhysX] Initialized MultithreadedTaskDispatcher with 2 workers.
[PhysX] Initialized MultithreadedTaskDispatcher with 2 workers.
 -> (artifact id: '74bc269ab2ad6d27ecd1c4ef6fd26403') in 0.030267 seconds
Number of updated asset objects reloaded before import = 0
Number of asset objects unloaded after import = 1
========================================================================
Received Import Request.
  Time since last request: 0.002107 seconds.
  path: Assets/Materiales/ZombearMaterial.mat
  artifactKey: Guid(0e554613ca2e81743a244dd20c8d44a0) Importer(815301076,1909f56bfc062723c751e8b465ee728b)
Start importing Assets/Materiales/ZombearMaterial.mat using Guid(0e554613ca2e81743a244dd20c8d44a0) Importer(815301076,1909f56bfc062723c751e8b465ee728b) [PhysX] Initialized MultithreadedTaskDispatcher with 2 workers.
[PhysX] Initialized MultithreadedTaskDispatcher with 2 workers.
 -> (artifact id: '6de93e461756a576bd3f2deb5aad2384') in 0.032951 seconds
Number of updated asset objects reloaded before import = 0
Number of asset objects unloaded after import = 1
========================================================================
Received Import Request.
  Time since last request: 0.000903 seconds.
  path: Assets/Materiales/ClockMaterial.mat
  artifactKey: Guid(90b239ceb2940124bb7636ec3c63615d) Importer(815301076,1909f56bfc062723c751e8b465ee728b)
Start importing Assets/Materiales/ClockMaterial.mat using Guid(90b239ceb2940124bb7636ec3c63615d) Importer(815301076,1909f56bfc062723c751e8b465ee728b) [PhysX] Initialized MultithreadedTaskDispatcher with 2 workers.
[PhysX] Initialized MultithreadedTaskDispatcher with 2 workers.
 -> (artifact id: '2774bba96923df8f39ae270c0e6596c7') in 0.030529 seconds
Number of updated asset objects reloaded before import = 0
Number of asset objects unloaded after import = 1
========================================================================
Received Import Request.
  Time since last request: 0.000358 seconds.
  path: Assets/Materiales/WallMaterial.mat
  artifactKey: Guid(e196a25074146564d886222649fb88d6) Importer(815301076,1909f56bfc062723c751e8b465ee728b)
Start importing Assets/Materiales/WallMaterial.mat using Guid(e196a25074146564d886222649fb88d6) Importer(815301076,1909f56bfc062723c751e8b465ee728b) [PhysX] Initialized MultithreadedTaskDispatcher with 2 workers.
[PhysX] Initialized MultithreadedTaskDispatcher with 2 workers.
 -> (artifact id: '6955d2a7c81d01ec428d75ff394b3af5') in 0.028871 seconds
Number of updated asset objects reloaded before import = 0
Number of asset objects unloaded after import = 1
========================================================================
Received Import Request.
  Time since last request: 13.569725 seconds.
  path: Assets/Default Example URP Assets
  artifactKey: Guid(e17daf7d3bd47d445be4f292559b5930) Importer(815301076,1909f56bfc062723c751e8b465ee728b)
Start importing Assets/Default Example URP Assets using Guid(e17daf7d3bd47d445be4f292559b5930) Importer(815301076,1909f56bfc062723c751e8b465ee728b) [PhysX] Initialized MultithreadedTaskDispatcher with 2 workers.
 -> (artifact id: '0f563eb44f555ab9f937a72d603c158c') in 0.000934 seconds
Number of updated asset objects reloaded before import = 0
Number of asset objects unloaded after import = 0
========================================================================
Received Import Request.
  Time since last request: 3.584628 seconds.
  path: Assets/Default Example URP Assets/Scripts
  artifactKey: Guid(02a3527b6b33a924e8ec66aa805ea717) Importer(815301076,1909f56bfc062723c751e8b465ee728b)
Start importing Assets/Default Example URP Assets/Scripts using Guid(02a3527b6b33a924e8ec66aa805ea717) Importer(815301076,1909f56bfc062723c751e8b465ee728b) [PhysX] Initialized MultithreadedTaskDispatcher with 2 workers.
 -> (artifact id: 'e38197e9df798cc98ff2e5dc1bdd5644') in 0.002348 seconds
Number of updated asset objects reloaded before import = 0
Number of asset objects unloaded after import = 0
========================================================================
Received Import Request.
  Time since last request: 15.416767 seconds.
  path: Assets/Darth_Artisan
  artifactKey: Guid(1dda5fe30fd2a42bba9d51692a095c6b) Importer(815301076,1909f56bfc062723c751e8b465ee728b)
Start importing Assets/Darth_Artisan using Guid(1dda5fe30fd2a42bba9d51692a095c6b) Importer(815301076,1909f56bfc062723c751e8b465ee728b) [PhysX] Initialized MultithreadedTaskDispatcher with 2 workers.
 -> (artifact id: '3d20963dadce988a5c0e3d5405a3bf90') in 0.000719 seconds
Number of updated asset objects reloaded before import = 0
Number of asset objects unloaded after import = 0
========================================================================
Received Prepare
Caller must complete domain reload
Begin MonoManager ReloadAssembly
- Loaded All Assemblies, in  1.598 seconds
Native extension for LinuxStandalone target not found
Native extension for WindowsStandalone target not found
Mono: successfully reloaded assembly
- Finished resetting the current domain, in  2.176 seconds
Domain Reload Profiling: 3771ms
	BeginReloadAssembly (487ms)
		ExecutionOrderSort (0ms)
		DisableScriptedObjects (12ms)
		BackupInstance (0ms)
		ReleaseScriptingObjects (0ms)
		CreateAndSetChildDomain (152ms)
	RebuildCommonClasses (211ms)
	RebuildNativeTypeToScriptingClass (53ms)
	initialDomainReloadingComplete (139ms)
	LoadAllAssembliesAndSetupDomain (704ms)
		LoadAssemblies (903ms)
		RebuildTransferFunctionScriptingTraits (0ms)
		AnalyzeDomain (31ms)
			TypeCache.Refresh (24ms)
				TypeCache.ScanAssembly (1ms)
			ScanForSourceGeneratedMonoScriptInfo (2ms)
			ResolveRequiredComponents (3ms)
	FinalizeReload (2177ms)
		ReleaseScriptCaches (0ms)
		RebuildScriptCaches (0ms)
		SetupLoadedEditorAssemblies (1418ms)
			LogAssemblyErrors (0ms)
			InitializePlatformSupportModulesInManaged (63ms)
			SetLoadedEditorAssemblies (23ms)
			RefreshPlugins (0ms)
			BeforeProcessingInitializeOnLoad (153ms)
			ProcessInitializeOnLoadAttributes (1044ms)
			ProcessInitializeOnLoadMethodAttributes (104ms)
			AfterProcessingInitializeOnLoad (32ms)
			EditorAssembliesLoaded (0ms)
		ExecutionOrderSort2 (0ms)
		AwakeInstancesAfterBackupRestoration (25ms)
Refreshing native plugins compatible for Editor in 0.53 ms, found 0 plugins.
Preloading 0 native plugins for Editor in 0.00 ms.
Unloading 18 Unused Serialized files (Serialized files now loaded: 0)
Unloading 6 unused Assets / (24.3 KB). Loaded Objects now: 575.
Memory consumption went from 62.1 MB to 62.1 MB.
Total: 14.023584 ms (FindLiveObjects: 0.152637 ms CreateObjectMapping: 0.009402 ms MarkObjects: 13.783437 ms  DeleteObjects: 0.075860 ms)

Prepare: number of updated asset objects reloaded= 0
AssetImportParameters requested are different than current active one (requested -> active):
  custom:scripting/monoscript/fileName/WovenKidExample.cs: 41ef536436d0ca42dddf0cc73f160b7f -> 80b7d4a1d3e2880cf53a9daf69f16323
  custom:container-muxer-webm: aa71ff27fc2769a1b78a27578f13a17b -> 
  custom:video-encoder-webm-vp8: eb34c28f22e8b96e1ab97ce403110664 -> 
  custom:audio-encoder-webm-vorbis: bf7c407c2cedff20999df2af8eb42d56 -> 
  custom:container-demuxer-ogg: 62fdf1f143b41e24485cea50d1cbac27 -> 
  custom:video-decoder-webm-vp8: 9c59270c3fd7afecdb556c50c9e8de78 -> 
  custom:audio-decoder-ogg-vorbis: bf7c407c2cedff20999df2af8eb42d56 -> 
  custom:AudioImporter_EditorPlatform: 2f0ff77a95e0ac474e3e8eeba4e2f7cb -> 
  custom:video-decoder-ogg-theora: a1e56fd34408186e4bbccfd4996cb3dc -> 
  custom:container-demuxer-webm: 4f35f7cbe854078d1ac9338744f61a02 -> 
  custom:scripting/precompiled-assembly-types:Assembly-CSharp: 4718109fb7b66946f94a42562938560c -> d57e8041e94eed94248812206f09e661
  custom:CustomObjectIndexerAttribute: 232f87dd983dbecb2a4e21e08eb2cef8 -> 
  custom:SearchIndexIgnoredProperties: e643bd26f0fe6173181afceb89e7c659 -> 
  custom:scripting/monoscript/fileName/BackPackExample.cs: 5e983e0acf34b7407577d2ff2561fa36 -> c4386164cebae4f8e64b112dd4e5ae98
  custom:scripting/precompiled-assembly-types:Assembly-CSharp-Editor:  -> d42d0c0d2d8df6323c874739236ae3b8
========================================================================
Received Import Request.
  Time since last request: 19.171379 seconds.
  path: Assets/_TerrainAutoUpgrade
  artifactKey: Guid(94519e03846d15a2dabec78f4714ce8c) Importer(815301076,1909f56bfc062723c751e8b465ee728b)
Start importing Assets/_TerrainAutoUpgrade using Guid(94519e03846d15a2dabec78f4714ce8c) Importer(815301076,1909f56bfc062723c751e8b465ee728b) [PhysX] Initialized MultithreadedTaskDispatcher with 2 workers.
 -> (artifact id: '39a124fe9f9f22cff8fcfb05e562aa88') in 0.021260 seconds
Number of updated asset objects reloaded before import = 0
Number of asset objects unloaded after import = 0
========================================================================
Received Import Request.
  Time since last request: 0.120635 seconds.
  path: Assets/_TerrainAutoUpgrade/layer_GrassHillAlbedoGrassHillAlbedo 13d3aba195e4d26ee.terrainlayer
  artifactKey: Guid(d7647d0b9b5209415818aab056687e1a) Importer(815301076,1909f56bfc062723c751e8b465ee728b)
Start importing Assets/_TerrainAutoUpgrade/layer_GrassHillAlbedoGrassHillAlbedo 13d3aba195e4d26ee.terrainlayer using Guid(d7647d0b9b5209415818aab056687e1a) Importer(815301076,1909f56bfc062723c751e8b465ee728b) [PhysX] Initialized MultithreadedTaskDispatcher with 2 workers.
 -> (artifact id: 'ae0a4b99bbcbb8cc0e0b932a20b22bad') in 0.248687 seconds
Number of updated asset objects reloaded before import = 0
Number of asset objects unloaded after import = 1
========================================================================
Received Import Request.
  Time since last request: 0.000066 seconds.
  path: Assets/_TerrainAutoUpgrade/layer_RoadDetail_TileRoadDetail_Tile 13d3aba195e4d26ee.terrainlayer
  artifactKey: Guid(894e1fedc70934c3d905e4179e553c9c) Importer(815301076,1909f56bfc062723c751e8b465ee728b)
Start importing Assets/_TerrainAutoUpgrade/layer_RoadDetail_TileRoadDetail_Tile 13d3aba195e4d26ee.terrainlayer using Guid(894e1fedc70934c3d905e4179e553c9c) Importer(815301076,1909f56bfc062723c751e8b465ee728b) [PhysX] Initialized MultithreadedTaskDispatcher with 2 workers.
 -> (artifact id: '568efd16ac46c7f500fa43f3d7c1b424') in 0.008627 seconds
Number of updated asset objects reloaded before import = 0
Number of asset objects unloaded after import = 1
========================================================================
Received Import Request.
  Time since last request: 0.000912 seconds.
  path: Assets/_TerrainAutoUpgrade/layer_SandAlbedoSandAlbedo 13d3aba195e4d26ee.terrainlayer
  artifactKey: Guid(af1969b9f2caccef49e48e76cf61f208) Importer(815301076,1909f56bfc062723c751e8b465ee728b)
Start importing Assets/_TerrainAutoUpgrade/layer_SandAlbedoSandAlbedo 13d3aba195e4d26ee.terrainlayer using Guid(af1969b9f2caccef49e48e76cf61f208) Importer(815301076,1909f56bfc062723c751e8b465ee728b) [PhysX] Initialized MultithreadedTaskDispatcher with 2 workers.
 -> (artifact id: 'fe76d9e22090da710bd215f68d83a852') in 0.010591 seconds
Number of updated asset objects reloaded before import = 0
Number of asset objects unloaded after import = 1
========================================================================
Received Import Request.
  Time since last request: 0.001387 seconds.
  path: Assets/_TerrainAutoUpgrade/layer_MudRoadMudRoad_Normalmap3d3aba195e4d26ee.terrainlayer
  artifactKey: Guid(083f5ad91dc11ab6b8981cde9ed786aa) Importer(815301076,1909f56bfc062723c751e8b465ee728b)
Start importing Assets/_TerrainAutoUpgrade/layer_MudRoadMudRoad_Normalmap3d3aba195e4d26ee.terrainlayer using Guid(083f5ad91dc11ab6b8981cde9ed786aa) Importer(815301076,1909f56bfc062723c751e8b465ee728b) [PhysX] Initialized MultithreadedTaskDispatcher with 2 workers.
 -> (artifact id: 'e6412adaefd8cbd51e8fbec216d1705c') in 0.009747 seconds
Number of updated asset objects reloaded before import = 0
Number of asset objects unloaded after import = 1
========================================================================
Received Import Request.
  Time since last request: 6.294964 seconds.
  path: Assets/MobileDependencyResolver
  artifactKey: Guid(333d24e71d12446ba5c77815e64b0ca8) Importer(815301076,1909f56bfc062723c751e8b465ee728b)
Start importing Assets/MobileDependencyResolver using Guid(333d24e71d12446ba5c77815e64b0ca8) Importer(815301076,1909f56bfc062723c751e8b465ee728b) [PhysX] Initialized MultithreadedTaskDispatcher with 2 workers.
 -> (artifact id: 'b1898b6c0980dc5752197a5428b2f34a') in 0.002890 seconds
Number of updated asset objects reloaded before import = 0
Number of asset objects unloaded after import = 0
========================================================================
Received Import Request.
  Time since last request: 1.151929 seconds.
  path: Assets/MobileDependencyResolver/Editor
  artifactKey: Guid(e105e00cdce8456482d26b1fcd1ca47d) Importer(815301076,1909f56bfc062723c751e8b465ee728b)
Start importing Assets/MobileDependencyResolver/Editor using Guid(e105e00cdce8456482d26b1fcd1ca47d) Importer(815301076,1909f56bfc062723c751e8b465ee728b) [PhysX] Initialized MultithreadedTaskDispatcher with 2 workers.
 -> (artifact id: '092121221aae56ac65fc420d49a02a8c') in 0.000756 seconds
Number of updated asset objects reloaded before import = 0
Number of asset objects unloaded after import = 0
========================================================================
Received Import Request.
  Time since last request: 14.837692 seconds.
  path: Assets/Codigos
  artifactKey: Guid(5b4c49a66ffe046409ae2403576daed6) Importer(815301076,1909f56bfc062723c751e8b465ee728b)
Start importing Assets/Codigos using Guid(5b4c49a66ffe046409ae2403576daed6) Importer(815301076,1909f56bfc062723c751e8b465ee728b) [PhysX] Initialized MultithreadedTaskDispatcher with 2 workers.
 -> (artifact id: 'b2bdf20d75141870e884550e2dfa15ad') in 0.000656 seconds
Number of updated asset objects reloaded before import = 0
Number of asset objects unloaded after import = 0
========================================================================
Received Prepare
Caller must complete domain reload
Begin MonoManager ReloadAssembly
- Loaded All Assemblies, in  0.875 seconds
Native extension for LinuxStandalone target not found
Native extension for WindowsStandalone target not found
Mono: successfully reloaded assembly
- Finished resetting the current domain, in  1.492 seconds
Domain Reload Profiling: 2371ms
	BeginReloadAssembly (326ms)
		ExecutionOrderSort (0ms)
		DisableScriptedObjects (26ms)
		BackupInstance (0ms)
		ReleaseScriptingObjects (0ms)
		CreateAndSetChildDomain (101ms)
	RebuildCommonClasses (92ms)
	RebuildNativeTypeToScriptingClass (28ms)
	initialDomainReloadingComplete (63ms)
	LoadAllAssembliesAndSetupDomain (369ms)
		LoadAssemblies (445ms)
		RebuildTransferFunctionScriptingTraits (0ms)
		AnalyzeDomain (39ms)
			TypeCache.Refresh (30ms)
				TypeCache.ScanAssembly (1ms)
			ScanForSourceGeneratedMonoScriptInfo (1ms)
			ResolveRequiredComponents (6ms)
	FinalizeReload (1493ms)
		ReleaseScriptCaches (0ms)
		RebuildScriptCaches (0ms)
		SetupLoadedEditorAssemblies (969ms)
			LogAssemblyErrors (0ms)
			InitializePlatformSupportModulesInManaged (30ms)
			SetLoadedEditorAssemblies (9ms)
			RefreshPlugins (0ms)
			BeforeProcessingInitializeOnLoad (107ms)
			ProcessInitializeOnLoadAttributes (755ms)
			ProcessInitializeOnLoadMethodAttributes (52ms)
			AfterProcessingInitializeOnLoad (15ms)
			EditorAssembliesLoaded (0ms)
		ExecutionOrderSort2 (0ms)
		AwakeInstancesAfterBackupRestoration (11ms)
Refreshing native plugins compatible for Editor in 0.50 ms, found 0 plugins.
Preloading 0 native plugins for Editor in 0.00 ms.
Unloading 18 Unused Serialized files (Serialized files now loaded: 0)
Unloading 4 unused Assets / (23.2 KB). Loaded Objects now: 577.
Memory consumption went from 62.1 MB to 62.1 MB.
Total: 6.896309 ms (FindLiveObjects: 0.211451 ms CreateObjectMapping: 0.008640 ms MarkObjects: 6.552282 ms  DeleteObjects: 0.121674 ms)

Prepare: number of updated asset objects reloaded= 0
AssetImportParameters requested are different than current active one (requested -> active):
  custom:scripting/monoscript/fileName/WovenKidExample.cs: 41ef536436d0ca42dddf0cc73f160b7f -> 80b7d4a1d3e2880cf53a9daf69f16323
  custom:container-muxer-webm: aa71ff27fc2769a1b78a27578f13a17b -> 
  custom:video-encoder-webm-vp8: eb34c28f22e8b96e1ab97ce403110664 -> 
  custom:scripting/monoscript/fileName/StandaloneInput.cs: aafcbbc7371e48531db9dce3ddca0b90 -> 6a63c1efc93349627f672a616aca7a16
  custom:scripting/monoscript/fileName/RandomParticlePoint.cs: 94cd6193afbfe7f72fdaaf73a2a7e6ce -> 76832ea4225de6ed40a15d978e1fc9cb
  custom:audio-encoder-webm-vorbis: bf7c407c2cedff20999df2af8eb42d56 -> 
  custom:scripting/monoscript/fileName/MovimientoJugador.cs: 114d06344f6eaf00582f9a00014cbf98 -> afaaa800c8d2063971ce489f440fe393
  custom:scripting/monoscript/fileName/VirtualInput.cs: ae802626a547e6003da93539d478963e -> 64027d62c73150f39936b69edcd697da
  custom:container-demuxer-ogg: 62fdf1f143b41e24485cea50d1cbac27 -> 
  custom:video-decoder-webm-vp8: 9c59270c3fd7afecdb556c50c9e8de78 -> 
  custom:audio-decoder-ogg-vorbis: bf7c407c2cedff20999df2af8eb42d56 -> 
  custom:AudioImporter_EditorPlatform: 2f0ff77a95e0ac474e3e8eeba4e2f7cb -> 
  custom:video-decoder-ogg-theora: a1e56fd34408186e4bbccfd4996cb3dc -> 
  custom:container-demuxer-webm: 4f35f7cbe854078d1ac9338744f61a02 -> 
  custom:scripting/monoscript/fileName/CrossPlatformInputManager.cs: b559aa4e7aae1cc362bc93fb404fb507 -> ebb6941962551b9b9d144f9072bfd55e
  custom:scripting/monoscript/fileName/BeautyShot.cs: 5c16a470743d5a415b0605d3c6167382 -> 1adb5a24798200f2e8d71dd95d91c2bb
  custom:scripting/precompiled-assembly-types:Assembly-CSharp: 671e5d3359a12b686531a8c77b458b31 -> d57e8041e94eed94248812206f09e661
  custom:scripting/monoscript/fileName/DetectorDeVoz.cs: cfa47a9bf849c34e1caf25287e636bd5 -> 98801df03e1fcc28f0129c33790ceee4
  custom:CustomObjectIndexerAttribute: 232f87dd983dbecb2a4e21e08eb2cef8 -> 
  custom:SearchIndexIgnoredProperties: e643bd26f0fe6173181afceb89e7c659 -> 
  custom:scripting/monoscript/fileName/BackPackExample.cs: 5e983e0acf34b7407577d2ff2561fa36 -> c4386164cebae4f8e64b112dd4e5ae98
  custom:scripting/monoscript/fileName/RandomAnimationPoint.cs: 0d9de3d42dc928c52167994778cf8c71 -> 4d15c729510b226df0732b3cd0fb2ab0
  custom:scripting/monoscript/fileName/SeguimientoCamara.cs: f056d39a9671ab128d63c9d9e2ecd81c -> de990732cc429467f8f49571d0872163
  custom:scripting/precompiled-assembly-types:Assembly-CSharp-Editor:  -> d42d0c0d2d8df6323c874739236ae3b8
========================================================================
Received Import Request.
  Time since last request: 27.310411 seconds.
  path: Assets/Scripts/Enemigo
  artifactKey: Guid(2d2919eb3e9b27d45b2531ad9f1afc57) Importer(815301076,1909f56bfc062723c751e8b465ee728b)
Start importing Assets/Scripts/Enemigo using Guid(2d2919eb3e9b27d45b2531ad9f1afc57) Importer(815301076,1909f56bfc062723c751e8b465ee728b) [PhysX] Initialized MultithreadedTaskDispatcher with 2 workers.
 -> (artifact id: 'ecd5888bbd42bfe95788cd5a881dd8bb') in 0.007789 seconds
Number of updated asset objects reloaded before import = 0
Number of asset objects unloaded after import = 0
========================================================================
Received Import Request.
  Time since last request: 19.789457 seconds.
  path: Assets/Tale Monster Cube Env/Demo.unity
  artifactKey: Guid(f758f6a148c270e47ab41f3998b3ee61) Importer(815301076,1909f56bfc062723c751e8b465ee728b)
Start importing Assets/Tale Monster Cube Env/Demo.unity using Guid(f758f6a148c270e47ab41f3998b3ee61) Importer(815301076,1909f56bfc062723c751e8b465ee728b) [PhysX] Initialized MultithreadedTaskDispatcher with 2 workers.
 -> (artifact id: 'ed8da8cb12de688dd326b0eaf7ac4689') in 0.000759 seconds
Number of updated asset objects reloaded before import = 0
Number of asset objects unloaded after import = 0
========================================================================
Received Import Request.
  Time since last request: 5.378438 seconds.
  path: Assets/Tale Monster Cube Env
  artifactKey: Guid(3e3b572f315accb12aad8105b45b08b4) Importer(815301076,1909f56bfc062723c751e8b465ee728b)
Start importing Assets/Tale Monster Cube Env using Guid(3e3b572f315accb12aad8105b45b08b4) Importer(815301076,1909f56bfc062723c751e8b465ee728b) [PhysX] Initialized MultithreadedTaskDispatcher with 2 workers.
 -> (artifact id: '7f848b2b1cbb77f2f1ce39dcd31646bc') in 0.000819 seconds
Number of updated asset objects reloaded before import = 0
Number of asset objects unloaded after import = 0
